08/14/2018 11:22:27 AM - SeleniumDriver - INFO: Element found with locator: //*[@class='value']/span[contains(text(),'Any Theatre')] and  locatorType: xpath
08/14/2018 11:22:27 AM - SeleniumDriver - INFO: Clicked on element with locator: //*[@class='value']/span[contains(text(),'Any Theatre')] locatorType: xpath
08/14/2018 11:22:27 AM - SeleniumDriver - INFO: Element found with locator: //*[@class='search' and @placeholder='Search for a theatre...'] and  locatorType: xpath
08/14/2018 11:22:27 AM - SeleniumDriver - INFO: Sent data on element with locator: //*[@class='search' and @placeholder='Search for a theatre...'] locatorType: xpath
08/14/2018 11:22:27 AM - SeleniumDriver - INFO: Element found with locator: //*[@class='value']/span[contains(text(),'Luxe: Phoenix Market')] and  locatorType: xpath
08/14/2018 11:22:27 AM - SeleniumDriver - INFO: Clicked on element with locator: //*[@class='value']/span[contains(text(),'Luxe: Phoenix Market')] locatorType: xpath
08/14/2018 11:22:30 AM - SeleniumDriver - INFO: Element found with locator: //*[@class='value']/span[contains(text(),'Any Movie')] and  locatorType: xpath
08/14/2018 11:22:31 AM - SeleniumDriver - INFO: Clicked on element with locator: //*[@class='value']/span[contains(text(),'Any Movie')] locatorType: xpath
08/14/2018 11:22:31 AM - SeleniumDriver - INFO: Element found with locator: //*[@class='search' and @placeholder='Search for a movie...'] and  locatorType: xpath
08/14/2018 11:22:31 AM - SeleniumDriver - INFO: Sent data on element with locator: //*[@class='search' and @placeholder='Search for a movie...'] locatorType: xpath
08/14/2018 11:22:31 AM - SeleniumDriver - INFO: Element found with locator: //*[@class='value']/span[contains(text(),'The Jungle Book')] and  locatorType: xpath
08/14/2018 11:22:31 AM - SeleniumDriver - INFO: Clicked on element with locator: //*[@class='value']/span[contains(text(),'The Jungle Book')] locatorType: xpath
08/14/2018 11:22:34 AM - SeleniumDriver - INFO: Element found with locator: //*[@id='justickets']/div/div[2]/div/div[2]/div[1]/h2 and  locatorType: xpath
08/14/2018 11:22:34 AM - SeleniumDriver - INFO: Element present with locator: //*[@id='justickets']/div/div[2]/div/div[2]/div[1]/h2 locatorType: xpath
08/14/2018 11:22:34 AM - SeleniumDriver - INFO: Element found with locator: //*[@id='justickets']/div/div[2]/div/div[2]/div[3]/div[2]/div[2]/div/div[2]/a and  locatorType: xpath
08/14/2018 11:22:34 AM - SeleniumDriver - INFO: Clicked on element with locator: //*[@id='justickets']/div/div[2]/div/div[2]/div[3]/div[2]/div[2]/div/div[2]/a locatorType: xpath
08/14/2018 11:22:40 AM - SeleniumDriver - INFO: Element not found with locator: //*[@class = 'free-selection'] and  locatorType: xpath
08/14/2018 11:22:40 AM - SeleniumDriver - INFO: Element not present with locator: //*[@class = 'free-selection'] locatorType: xpath
08/14/2018 11:22:42 AM - SeleniumDriver - INFO: Element found with locator: //*[contains(@data-reactid,'Premium') and contains(text(),'A20')] and  locatorType: xpath
08/14/2018 11:22:42 AM - SeleniumDriver - INFO: Clicked on element with locator: //*[contains(@data-reactid,'Premium') and contains(text(),'A20')] locatorType: xpath
08/14/2018 11:22:45 AM - SeleniumDriver - INFO: Element found with locator: //*[contains(text(),'Confirm in')] and  locatorType: xpath
08/14/2018 11:22:45 AM - SeleniumDriver - INFO: Clicked on element with locator: //*[contains(text(),'Confirm in')] locatorType: xpath
08/14/2018 11:22:48 AM - SeleniumDriver - INFO: Element found with locator: //*[@id='justickets']/div/div[2]/div/div[2]/div/div[4]/span and  locatorType: xpath
08/14/2018 11:22:48 AM - SeleniumDriver - INFO: Element present with locator: //*[@id='justickets']/div/div[2]/div/div[2]/div/div[4]/span locatorType: xpath
08/14/2018 11:22:51 AM - SeleniumDriver - INFO: Element found with locator: //*[contains(text(),'Skip F&B and Pay')] and  locatorType: xpath
08/14/2018 11:22:51 AM - SeleniumDriver - INFO: Element present with locator: //*[contains(text(),'Skip F&B and Pay')] locatorType: xpath
08/14/2018 11:22:51 AM - SeleniumDriver - INFO: Element found with locator: //*[contains(text(),'Skip F&B and Pay')] and  locatorType: xpath
08/14/2018 11:22:51 AM - SeleniumDriver - INFO: Clicked on element with locator: //*[contains(text(),'Skip F&B and Pay')] locatorType: xpath
08/14/2018 11:22:55 AM - SeleniumDriver - INFO: Element found with locator: //*/div[@class='title' and contains(text(),'Pay with  Credit / Debit Card')] and  locatorType: xpath
08/14/2018 11:22:55 AM - SeleniumDriver - INFO: Clicked on element with locator: //*/div[@class='title' and contains(text(),'Pay with  Credit / Debit Card')] locatorType: xpath
08/14/2018 11:22:58 AM - SeleniumDriver - INFO: Element found with locator: //*/div[@class='card']/input[@autocomplete='cc-number'] and  locatorType: xpath
08/14/2018 11:22:58 AM - SeleniumDriver - INFO: Sent data on element with locator: //*/div[@class='card']/input[@autocomplete='cc-number'] locatorType: xpath
08/14/2018 11:22:58 AM - SeleniumDriver - INFO: Element found with locator: //*/div[@class='half']/input[@autocomplete='cc-exp'] and  locatorType: xpath
08/14/2018 11:22:58 AM - SeleniumDriver - INFO: Sent data on element with locator: //*/div[@class='half']/input[@autocomplete='cc-exp'] locatorType: xpath
08/14/2018 11:22:58 AM - SeleniumDriver - INFO: Element found with locator: //*/div[@class='half']/input[@autocomplete='cc-csc'] and  locatorType: xpath
08/14/2018 11:22:58 AM - SeleniumDriver - INFO: Sent data on element with locator: //*/div[@class='half']/input[@autocomplete='cc-csc'] locatorType: xpath
08/14/2018 11:22:58 AM - SeleniumDriver - INFO: Element found with locator: //*/input[@data-reactid='.0.1.$orders.5.0.1.3.3.a.1'] and  locatorType: xpath
08/14/2018 11:22:58 AM - SeleniumDriver - INFO: Sent data on element with locator: //*/input[@data-reactid='.0.1.$orders.5.0.1.3.3.a.1'] locatorType: xpath
08/14/2018 11:22:58 AM - SeleniumDriver - INFO: Element found with locator: //*/input[@type='email' and @class='prefilled undefined'] and  locatorType: xpath
08/14/2018 11:22:58 AM - SeleniumDriver - INFO: Sent data on element with locator: //*/input[@type='email' and @class='prefilled undefined'] locatorType: xpath
08/14/2018 11:22:58 AM - SeleniumDriver - INFO: Element found with locator: //*/div[@class='prefixed-mobile']/input[@class='prefilled undefined'] and  locatorType: xpath
08/14/2018 11:22:58 AM - SeleniumDriver - INFO: Sent data on element with locator: //*/div[@class='prefixed-mobile']/input[@class='prefilled undefined'] locatorType: xpath
08/14/2018 11:23:01 AM - SeleniumDriver - INFO: Element found with locator: //*[contains(@class,'enabled') and contains(text(),'Make Payment')] and  locatorType: xpath
08/14/2018 11:23:02 AM - SeleniumDriver - INFO: Clicked on element with locator: //*[contains(@class,'enabled') and contains(text(),'Make Payment')] locatorType: xpath
08/14/2018 11:23:05 AM - SeleniumDriver - INFO: Element found with locator: txtPassword and  locatorType: id
08/14/2018 11:23:05 AM - SeleniumDriver - INFO: Sent data on element with locator: txtPassword locatorType: id
08/14/2018 11:23:05 AM - SeleniumDriver - INFO: Element found with locator: cmdSubmit and  locatorType: id
08/14/2018 11:23:07 AM - SeleniumDriver - INFO: Clicked on element with locator: cmdSubmit locatorType: id
08/14/2018 11:23:13 AM - SeleniumDriver - INFO: Element found with locator: //*[contains(text(),'Skip and Proceed to View Ticket')] and  locatorType: xpath
08/14/2018 11:23:13 AM - SeleniumDriver - INFO: Element present with locator: //*[contains(text(),'Skip and Proceed to View Ticket')] locatorType: xpath
08/14/2018 11:23:13 AM - SeleniumDriver - INFO: Element found with locator: //*[contains(text(),'Skip and Proceed to View Ticket')] and  locatorType: xpath
08/14/2018 11:23:13 AM - SeleniumDriver - INFO: Clicked on element with locator: //*[contains(text(),'Skip and Proceed to View Ticket')] locatorType: xpath
08/14/2018 11:23:13 AM - SeleniumDriver - INFO: Element found with locator: //*[contains(text(),'Ticket')] and  locatorType: xpath
08/14/2018 11:23:13 AM - SeleniumDriver - INFO: Element present with locator: //*[contains(text(),'Ticket')] locatorType: xpath
